Build started 2/4/2016 4:59:31 PM.
     1>Project "F:\dotVawx_Editor\dotVawx_Editor\dotVawx_Editor.vcxproj" on node 2 (Build target(s)).
     1>ClCompile:
         C:\Program Files (x86)\Microsoft Visual Studio 14.0\VC\bin\CL.exe /c /ZI /nologo /W3 /WX- /sdl /Od /Oy- /D _MBCS /Gm /EHsc /RTC1 /MDd /GS /fp:precise /Zc:wchar_t /Zc:forScope /Zc:inline /Fo"Debug\\" /Fd"Debug\vc140.pdb" /Gd /TP /analyze- /errorReport:prompt Game.cpp Grid.cpp Media.cpp MediaManager.cpp main.cpp
         MediaManager.cpp
         Media.cpp
     1>f:\dotvawx_editor\dotvawx_editor\media.cpp(73): warning C4838: conversion from 'float' to 'int' requires a narrowing conversion
     1>f:\dotvawx_editor\dotvawx_editor\media.cpp(73): warning C4244: 'initializing': conversion from 'float' to 'int', possible loss of data
         Grid.cpp
     1>f:\dotvawx_editor\dotvawx_editor\grid.cpp(33): warning C4244: 'argument': conversion from 'float' to 'int', possible loss of data
     1>f:\dotvawx_editor\dotvawx_editor\grid.cpp(37): warning C4244: '=': conversion from 'float' to 'int', possible loss of data
     1>f:\dotvawx_editor\dotvawx_editor\grid.cpp(38): warning C4244: '=': conversion from 'float' to 'int', possible loss of data
         Game.cpp
     1>f:\dotvawx_editor\dotvawx_editor\game.cpp(52): warning C4244: 'argument': conversion from 'const int' to 'float', possible loss of data
         Generating Code...
         Skipping... (no relevant changes detected)
         main.cpp
       Link:
         C:\Program Files (x86)\Microsoft Visual Studio 14.0\VC\bin\link.exe /ERRORREPORT:PROMPT /OUT:"F:\dotVawx_Editor\Debug\dotVawx_Editor.exe" /INCREMENTAL /NOLOGO SDL2.lib SDL2main.lib SDL2_image.lib kernel32.lib user32.lib gdi32.lib winspool.lib comdlg32.lib advapi32.lib shell32.lib ole32.lib oleaut32.lib uuid.lib odbc32.lib odbccp32.lib /MANIFEST /MANIFESTUAC:"level='asInvoker' uiAccess='false'" /manifest:embed /Debug /PDB:"F:\dotVawx_Editor\Debug\dotVawx_Editor.pdb" /SUBSYSTEM:CONSOLE /TLBID:1 /DYNAMICBASE /NXCOMPAT /IMPLIB:"F:\dotVawx_Editor\Debug\dotVawx_Editor.lib" /MACHINE:X86 Debug\Game.obj
         Debug\Grid.obj
         Debug\Input.obj
         Debug\main.obj
         Debug\Media.obj
         Debug\MediaManager.obj
         Debug\Timing.obj
         dotVawx_Editor.vcxproj -> F:\dotVawx_Editor\Debug\dotVawx_Editor.exe
     1>Done Building Project "F:\dotVawx_Editor\dotVawx_Editor\dotVawx_Editor.vcxproj" (Build target(s)).

Build succeeded.

Time Elapsed 00:00:01.12
